  main.cpp
c:\users\snowbars\documents\visual studio 2015\projects\матрица на шаблоне\tests.h(10): warning C4244: аргумент: преобразование "time_t" в "unsigned int", возможна потеря данных
c:\users\snowbars\documents\visual studio 2015\projects\матрица на шаблоне\tests.h(16): warning C4244: =: преобразование "int" в "f", возможна потеря данных
c:\users\snowbars\documents\visual studio 2015\projects\матрица на шаблоне\tests.h(38): warning C4244: аргумент: преобразование "time_t" в "unsigned int", возможна потеря данных
c:\users\snowbars\documents\visual studio 2015\projects\матрица на шаблоне\tests.h(44): warning C4244: =: преобразование "int" в "f", возможна потеря данных
c:\users\snowbars\documents\visual studio 2015\projects\матрица на шаблоне\tests.h(65): warning C4244: аргумент: преобразование "time_t" в "unsigned int", возможна потеря данных
c:\users\snowbars\documents\visual studio 2015\projects\матрица на шаблоне\tests.h(71): warning C4244: =: преобразование "int" в "f", возможна потеря данных
c:\users\snowbars\documents\visual studio 2015\projects\матрица на шаблоне\main.cpp(19): warning C4244: =: преобразование "int" в "f", возможна потеря данных
c:\users\snowbars\documents\visual studio 2015\projects\матрица на шаблоне\matrix.h(330): warning C4018: <: несоответствие типов со знаком и без знака
  c:\users\snowbars\documents\visual studio 2015\projects\матрица на шаблоне\matrix.h(308): note: при компиляции функции-члена "<Нет данных>" класса <Нет данных>
  c:\users\snowbars\documents\visual studio 2015\projects\матрица на шаблоне\tests.h(26): note: см. ссылку на создание экземпляров функции шаблон при компиляции "Matrix<f> &Matrix<f>::operator =(const Matrix<f> &)"
  c:\users\snowbars\documents\visual studio 2015\projects\матрица на шаблоне\tests.h(24): note: см. ссылку на создание экземпляров класса шаблон при компиляции "Matrix<f>"
c:\users\snowbars\documents\visual studio 2015\projects\матрица на шаблоне\matrix.h(331): warning C4018: <: несоответствие типов со знаком и без знака
c:\users\snowbars\documents\visual studio 2015\projects\матрица на шаблоне\matrix.h(365): warning C4307: *: переполнение целой константы
  c:\users\snowbars\documents\visual studio 2015\projects\матрица на шаблоне\matrix.h(363): note: при компиляции функции-члена "<Нет данных>" класса <Нет данных>
  c:\users\snowbars\documents\visual studio 2015\projects\матрица на шаблоне\tests.h(81): note: см. ссылку на создание экземпляров функции шаблон при компиляции "Matrix<f> Matrix<f>::transp(void)"
c:\users\snowbars\documents\visual studio 2015\projects\матрица на шаблоне\matrix.h(372): warning C4018: <: несоответствие типов со знаком и без знака
c:\users\snowbars\documents\visual studio 2015\projects\матрица на шаблоне\matrix.h(373): warning C4018: <: несоответствие типов со знаком и без знака
c:\users\snowbars\documents\visual studio 2015\projects\матрица на шаблоне\matrix.h(441): warning C4018: <: несоответствие типов со знаком и без знака
  c:\users\snowbars\documents\visual studio 2015\projects\матрица на шаблоне\matrix.h(425): note: при компиляции функции-члена "<Нет данных>" класса <Нет данных>
  c:\users\snowbars\documents\visual studio 2015\projects\матрица на шаблоне\main.cpp(63): note: см. ссылку на создание экземпляров функции шаблон при компиляции "squareMatrix<f>::squareMatrix(int,int,t *)"
          with
          [
              t=f
          ]
  c:\users\snowbars\documents\visual studio 2015\projects\матрица на шаблоне\tests.h(52): note: см. ссылку на создание экземпляров класса шаблон при компиляции "squareMatrix<f>"
c:\users\snowbars\documents\visual studio 2015\projects\матрица на шаблоне\matrix.h(406): warning C4018: <: несоответствие типов со знаком и без знака
  c:\users\snowbars\documents\visual studio 2015\projects\матрица на шаблоне\matrix.h(381): note: при компиляции функции-члена "<Нет данных>" класса <Нет данных>
  c:\users\snowbars\documents\visual studio 2015\projects\матрица на шаблоне\tests.h(52): note: см. ссылку на создание экземпляров функции шаблон при компиляции "squareMatrix<f>::squareMatrix(int,int,t **)"
          with
          [
              t=f
          ]
c:\users\snowbars\documents\visual studio 2015\projects\матрица на шаблоне\matrix.h(526): warning C4018: <: несоответствие типов со знаком и без знака
  c:\users\snowbars\documents\visual studio 2015\projects\матрица на шаблоне\matrix.h(505): note: при компиляции функции-члена "<Нет данных>" класса <Нет данных>
  c:\users\snowbars\documents\visual studio 2015\projects\матрица на шаблоне\main.cpp(66): note: см. ссылку на создание экземпляров функции шаблон при компиляции "squareMatrix<f> &squareMatrix<f>::operator =(const squareMatrix<f> &)"
c:\users\snowbars\documents\visual studio 2015\projects\матрица на шаблоне\matrix.h(527): warning C4018: <: несоответствие типов со знаком и без знака
c:\users\snowbars\documents\visual studio 2015\projects\матрица на шаблоне\matrix.h(619): warning C4244: =: преобразование "int" в "f", возможна потеря данных
  c:\users\snowbars\documents\visual studio 2015\projects\матрица на шаблоне\matrix.h(609): note: при компиляции функции-члена "<Нет данных>" класса <Нет данных>
  c:\users\snowbars\documents\visual studio 2015\projects\матрица на шаблоне\main.cpp(69): note: см. ссылку на создание экземпляров функции шаблон при компиляции "squareMatrix<f> squareMatrix<f>::inverse(void)"
c:\users\snowbars\documents\visual studio 2015\projects\матрица на шаблоне\matrix.h(628): warning C4244: /=: преобразование "double" в "f", возможна потеря данных
c:\users\snowbars\documents\visual studio 2015\projects\матрица на шаблоне\matrix.h(629): warning C4244: /=: преобразование "double" в "f", возможна потеря данных
c:\users\snowbars\documents\visual studio 2015\projects\матрица на шаблоне\matrix.h(638): warning C4244: -=: преобразование "double" в "f", возможна потеря данных
c:\users\snowbars\documents\visual studio 2015\projects\матрица на шаблоне\matrix.h(639): warning C4244: -=: преобразование "double" в "f", возможна потеря данных
  Матрица на шаблоне.vcxproj -> C:\Users\snowbars\Documents\Visual Studio 2015\Projects\Матрица на шаблоне\Debug\Матрица на шаблоне.exe
  Матрица на шаблоне.vcxproj -> C:\Users\snowbars\Documents\Visual Studio 2015\Projects\Матрица на шаблоне\Debug\Матрица на шаблоне.pdb (Partial PDB)
